0 info it worked if it ends with ok
1 verbose cli [ 'D:\\Program Files\\nodejs\\node.exe',
1 verbose cli   'D:\\Program Files\\nodejs\\node_modules\\npm\\bin\\npm-cli.js',
1 verbose cli   'install',
1 verbose cli   'grunt-sass',
1 verbose cli   '--save-dev' ]
2 info using npm@3.3.6
3 info using node@v5.0.0
4 silly loadCurrentTree Starting
5 silly install loadCurrentTree
6 silly install readLocalPackageData
7 silly fetchPackageMetaData grunt-sass
8 silly fetchNamedPackageData grunt-sass
9 silly mapToRegistry name grunt-sass
10 silly mapToRegistry using default registry
11 silly mapToRegistry registry https://registry.npmjs.org/
12 silly mapToRegistry uri https://registry.npmjs.org/grunt-sass
13 verbose request uri https://registry.npmjs.org/grunt-sass
14 verbose request no auth needed
15 info attempt registry request try #1 at 10:20:39
16 verbose request id 8750ca68e08ae371
17 http request GET https://registry.npmjs.org/grunt-sass
18 info retry will retry, error on last attempt: Error: connect ETIMEDOUT 103.245.222.162:443
19 info attempt registry request try #2 at 10:21:10
20 http request GET https://registry.npmjs.org/grunt-sass
21 info retry will retry, error on last attempt: Error: connect ETIMEDOUT 103.245.222.162:443
22 info attempt registry request try #3 at 10:22:31
23 http request GET https://registry.npmjs.org/grunt-sass
24 silly fetchPackageMetaData Error: read ECONNRESET
24 silly fetchPackageMetaData     at exports._errnoException (util.js:860:11)
24 silly fetchPackageMetaData     at TLSWrap.onread (net.js:544:26)
24 silly fetchPackageMetaData  error for grunt-sass { [Error: read ECONNRESET] code: 'ECONNRESET', errno: 'ECONNRESET', syscall: 'read' }
25 silly rollbackFailedOptional Starting
26 silly rollbackFailedOptional Finishing
27 silly runTopLevelLifecycles Starting
28 silly runTopLevelLifecycles Finishing
29 silly install printInstalled
30 verbose stack Error: read ECONNRESET
30 verbose stack     at exports._errnoException (util.js:860:11)
30 verbose stack     at TLSWrap.onread (net.js:544:26)
31 verbose cwd E:\workspace\GruntTest
32 error Windows_NT 10.0.10586
33 error argv "D:\\Program Files\\nodejs\\node.exe" "D:\\Program Files\\nodejs\\node_modules\\npm\\bin\\npm-cli.js" "install" "grunt-sass" "--save-dev"
34 error node v5.0.0
35 error npm  v3.3.6
36 error code ECONNRESET
37 error errno ECONNRESET
38 error syscall read
39 error network read ECONNRESET
39 error network This is most likely not a problem with npm itself
39 error network and is related to network connectivity.
39 error network In most cases you are behind a proxy or have bad network settings.
39 error network
39 error network If you are behind a proxy, please make sure that the
39 error network 'proxy' config is set properly.  See: 'npm help config'
40 verbose exit [ 1, true ]
